<?xml version="1.0" encoding="UTF-8"?>
<!-- Generated by org.testng.reporters.JUnitXMLReporter -->
<testsuite hostname="Muthukumar" ignored="8" name="Test" tests="2" failures="0" timestamp="12 Jun 2021 16:01:31 GMT" time="11.261" errors="0">
  <testcase name="getCountryDetailsTest" time="8.79" classname="com.restassured.testcases.RestCountriesTest"/>
  <testcase name="getCountryDetailsTest" time="2.426" classname="com.restassured.testcases.RestCountriesTest"/>
  <testcase name="@AfterSuite afterSuite" time="0.0" classname="com.restassured.testcases.BaseTest">
    <ignored/>
  </testcase> <!-- @AfterSuite afterSuite -->
  <testcase name="@AfterSuite afterSuite" time="0.0" classname="com.restassured.testcases.BaseTest">
    <ignored/>
  </testcase> <!-- @AfterSuite afterSuite -->
  <testcase name="postProductWithoutPOJO" time="0.0" classname="com.restassured.testcases.BestBuyAPITests">
    <ignored/>
  </testcase> <!-- postProductWithoutPOJO -->
  <testcase name="@BeforeSuite setUpSuite" time="0.0" classname="com.restassured.testcases.BaseTest">
    <ignored/>
  </testcase> <!-- @BeforeSuite setUpSuite -->
  <testcase name="@BeforeSuite setUpSuite" time="0.0" classname="com.restassured.testcases.BaseTest">
    <ignored/>
  </testcase> <!-- @BeforeSuite setUpSuite -->
  <testcase name="getProducts" time="0.0" classname="com.restassured.testcases.BestBuyAPITests">
    <ignored/>
  </testcase> <!-- getProducts -->
  <testcase name="postProductByReadingRequestFromFile" time="0.0" classname="com.restassured.testcases.BestBuyAPITests">
    <ignored/>
  </testcase> <!-- postProductByReadingRequestFromFile -->
  <testcase name="postProductWithPojo" time="0.0" classname="com.restassured.testcases.BestBuyAPITests">
    <ignored/>
  </testcase> <!-- postProductWithPojo -->
</testsuite> <!-- Test -->
