<?xml version="1.0" encoding="UTF-8"?>
<testng-results skipped="0" failed="0" ignored="8" total="10" passed="2">
  <reporter-output>
  </reporter-output>
  <suite name="Suite" duration-ms="11261" started-at="2021-06-12T16:01:19Z" finished-at="2021-06-12T16:01:31Z">
    <groups>
    </groups>
    <test name="Test" duration-ms="11261" started-at="2021-06-12T16:01:19Z" finished-at="2021-06-12T16:01:31Z">
      <class name="com.restassured.testcases.RestCountriesTest">
        <test-method status="PASS" signature="setUpSuite()[pri:0, instance:com.restassured.testcases.RestCountriesTest@6572421]" name="setUpSuite" is-config="true" duration-ms="162" started-at="2021-06-12T16:01:19Z" finished-at="2021-06-12T16:01:19Z">
          <reporter-output>
          </reporter-output>
        </test-method> <!-- setUpSuite -->
        <test-method status="PASS" signature="setUp()[pri:0, instance:com.restassured.testcases.RestCountriesTest@6572421]" name="setUp" is-config="true" duration-ms="1" started-at="2021-06-12T16:01:19Z" finished-at="2021-06-12T16:01:19Z">
          <reporter-output>
          </reporter-output>
        </test-method> <!-- setUp -->
        <test-method status="PASS" signature="getCountryDetailsTest(java.util.Hashtable)[pri:1, instance:com.restassured.testcases.RestCountriesTest@6572421]" name="getCountryDetailsTest" duration-ms="8790" started-at="2021-06-12T16:01:19Z" description="Verify wether the user can fetch the country details list" finished-at="2021-06-12T16:01:28Z">
          <params>
            <param index="0">
              <value>
                <![CDATA[{limit=, name=, expectedCountryCapital=Taipei, type=, execute=Yes, countryName=Taiwan, TestCaseName=getCountryDetailsTest}]]>
              </value>
            </param>
          </params>
          <reporter-output>
          </reporter-output>
        </test-method> <!-- getCountryDetailsTest -->
        <test-method status="PASS" signature="setUp()[pri:0, instance:com.restassured.testcases.RestCountriesTest@6572421]" name="setUp" is-config="true" duration-ms="1" started-at="2021-06-12T16:01:28Z" finished-at="2021-06-12T16:01:28Z">
          <reporter-output>
          </reporter-output>
        </test-method> <!-- setUp -->
        <test-method status="PASS" signature="getCountryDetailsTest(java.util.Hashtable)[pri:1, instance:com.restassured.testcases.RestCountriesTest@6572421]" name="getCountryDetailsTest" duration-ms="2426" started-at="2021-06-12T16:01:28Z" description="Verify wether the user can fetch the country details list" finished-at="2021-06-12T16:01:31Z">
          <params>
            <param index="0">
              <value>
                <![CDATA[{limit=, name=, expectedCountryCapital=Kabul, type=, execute=Yes, countryName=Afghanistan, TestCaseName=getCountryDetailsTest}]]>
              </value>
            </param>
          </params>
          <reporter-output>
          </reporter-output>
        </test-method> <!-- getCountryDetailsTest -->
        <test-method status="PASS" signature="afterSuite()[pri:0, instance:com.restassured.testcases.RestCountriesTest@6572421]" name="afterSuite" is-config="true" duration-ms="1332" started-at="2021-06-12T16:01:31Z" finished-at="2021-06-12T16:01:32Z">
          <reporter-output>
          </reporter-output>
        </test-method> <!-- afterSuite -->
      </class> <!-- com.restassured.testcases.RestCountriesTest -->
    </test> <!-- Test -->
  </suite> <!-- Suite -->
</testng-results>
